<?xml version="1.0" encoding="UTF-8"?>
<!-- Generated by org.testng.reporters.JUnitReportReporter -->
<testsuite hostname="POFWVDDEV-24" failures="0" tests="2" name="com.poferries.freight.AutomationFramework.web.runner.RunCukes" time="0.521" errors="2" timestamp="29 Aug 2021 05:26:09 GMT" skipped="0">
  <testcase classname="com.poferries.freight.AutomationFramework.web.runner.RunCukes" name="runScenario" time="0.514">
    <error message="ConfigReader" type="java.lang.NoClassDefFoundError">
      <![CDATA[java.lang.NoClassDefFoundError: ConfigReader
at java.base/java.lang.Class.getDeclaredFields0(Native Method)
at java.base/java.lang.Class.privateGetDeclaredFields(Class.java:3229)
at java.base/java.lang.Class.getDeclaredFields(Class.java:2335)
at org.picocontainer.injectors.AdaptingInjection$2.run(AdaptingInjection.java:217)
at java.base/java.security.AccessController.doPrivileged(AccessController.java:312)
at org.picocontainer.injectors.AdaptingInjection.injectionFieldAnnotated(AdaptingInjection.java:209)
at org.picocontainer.injectors.AdaptingInjection.fieldAnnotatedInjectionAdapter(AdaptingInjection.java:188)
at org.picocontainer.injectors.AdaptingInjection.createComponentAdapter(AdaptingInjection.java:57)
at org.picocontainer.behaviors.AbstractBehaviorFactory.createComponentAdapter(AbstractBehaviorFactory.java:44)
at org.picocontainer.behaviors.Caching.createComponentAdapter(Caching.java:46)
at org.picocontainer.DefaultPicoContainer.addComponent(DefaultPicoContainer.java:536)
at org.picocontainer.DefaultPicoContainer.addComponent(DefaultPicoContainer.java:501)
at org.picocontainer.DefaultPicoContainer.addComponent(DefaultPicoContainer.java:488)
at cucumber.runtime.java.picocontainer.PicoFactory.start(PicoFactory.java:22)
at cucumber.runtime.java.JavaBackend.buildWorld(JavaBackend.java:114)
at cucumber.runner.Runner.buildBackendWorlds(Runner.java:129)
at cucumber.runner.Runner.runPickle(Runner.java:47)
at cucumber.api.testng.TestNGCucumberRunner.runScenario(TestNGCucumberRunner.java:57)
at cucumber.api.testng.AbstractTestNGCucumberTests.runScenario(AbstractTestNGCucumberTests.java:22)
at java.base/jdk.internal.reflect.NativeMethodAccessorImpl.invoke0(Native Method)
at java.base/jdk.internal.reflect.NativeMethodAccessorImpl.invoke(NativeMethodAccessorImpl.java:78)
at java.base/jdk.internal.reflect.DelegatingMethodAccessorImpl.invoke(DelegatingMethodAccessorImpl.java:43)
at java.base/java.lang.reflect.Method.invoke(Method.java:567)
at org.testng.internal.MethodInvocationHelper.invokeMethod(MethodInvocationHelper.java:124)
at org.testng.internal.Invoker.invokeMethod(Invoker.java:583)
at org.testng.internal.Invoker.invokeTestMethod(Invoker.java:719)
at org.testng.internal.Invoker.invokeTestMethods(Invoker.java:989)
at org.testng.internal.TestMethodWorker.invokeTestMethods(TestMethodWorker.java:125)
at org.testng.internal.TestMethodWorker.run(TestMethodWorker.java:109)
at org.testng.TestRunner.privateRun(TestRunner.java:648)
at org.testng.TestRunner.run(TestRunner.java:505)
at org.testng.SuiteRunner.runTest(SuiteRunner.java:455)
at org.testng.SuiteRunner.runSequentially(SuiteRunner.java:450)
at org.testng.SuiteRunner.privateRun(SuiteRunner.java:415)
at org.testng.SuiteRunner.run(SuiteRunner.java:364)
at org.testng.SuiteRunnerWorker.runSuite(SuiteRunnerWorker.java:52)
at org.testng.SuiteRunnerWorker.run(SuiteRunnerWorker.java:84)
at org.testng.TestNG.runSuitesSequentially(TestNG.java:1208)
at org.testng.TestNG.runSuitesLocally(TestNG.java:1137)
at org.testng.TestNG.runSuites(TestNG.java:1049)
at org.testng.TestNG.run(TestNG.java:1017)
at org.testng.remote.AbstractRemoteTestNG.run(AbstractRemoteTestNG.java:115)
at org.testng.remote.RemoteTestNG.initAndRun(RemoteTestNG.java:251)
at org.testng.remote.RemoteTestNG.main(RemoteTestNG.java:77)
Caused by: java.lang.ClassNotFoundException: ConfigReader
at java.base/jdk.internal.loader.BuiltinClassLoader.loadClass(BuiltinClassLoader.java:636)
at java.base/jdk.internal.loader.ClassLoaders$AppClassLoader.loadClass(ClassLoaders.java:182)
at java.base/java.lang.ClassLoader.loadClass(ClassLoader.java:519)
... 44 more
]]>
    </error>
  </testcase> <!-- runScenario -->
  <testcase classname="com.poferries.freight.AutomationFramework.web.runner.RunCukes" name="runScenario" time="0.007">
    <error message="ConfigReader" type="java.lang.NoClassDefFoundError">
      <![CDATA[java.lang.NoClassDefFoundError: ConfigReader
at java.base/java.lang.Class.getDeclaredFields0(Native Method)
at java.base/java.lang.Class.privateGetDeclaredFields(Class.java:3229)
at java.base/java.lang.Class.getDeclaredFields(Class.java:2335)
at org.picocontainer.injectors.AdaptingInjection$2.run(AdaptingInjection.java:217)
at java.base/java.security.AccessController.doPrivileged(AccessController.java:312)
at org.picocontainer.injectors.AdaptingInjection.injectionFieldAnnotated(AdaptingInjection.java:209)
at org.picocontainer.injectors.AdaptingInjection.fieldAnnotatedInjectionAdapter(AdaptingInjection.java:188)
at org.picocontainer.injectors.AdaptingInjection.createComponentAdapter(AdaptingInjection.java:57)
at org.picocontainer.behaviors.AbstractBehaviorFactory.createComponentAdapter(AbstractBehaviorFactory.java:44)
at org.picocontainer.behaviors.Caching.createComponentAdapter(Caching.java:46)
at org.picocontainer.DefaultPicoContainer.addComponent(DefaultPicoContainer.java:536)
at org.picocontainer.DefaultPicoContainer.addComponent(DefaultPicoContainer.java:501)
at org.picocontainer.DefaultPicoContainer.addComponent(DefaultPicoContainer.java:488)
at cucumber.runtime.java.picocontainer.PicoFactory.start(PicoFactory.java:22)
at cucumber.runtime.java.JavaBackend.buildWorld(JavaBackend.java:114)
at cucumber.runner.Runner.buildBackendWorlds(Runner.java:129)
at cucumber.runner.Runner.runPickle(Runner.java:47)
at cucumber.api.testng.TestNGCucumberRunner.runScenario(TestNGCucumberRunner.java:57)
at cucumber.api.testng.AbstractTestNGCucumberTests.runScenario(AbstractTestNGCucumberTests.java:22)
at java.base/jdk.internal.reflect.NativeMethodAccessorImpl.invoke0(Native Method)
at java.base/jdk.internal.reflect.NativeMethodAccessorImpl.invoke(NativeMethodAccessorImpl.java:78)
at java.base/jdk.internal.reflect.DelegatingMethodAccessorImpl.invoke(DelegatingMethodAccessorImpl.java:43)
at java.base/java.lang.reflect.Method.invoke(Method.java:567)
at org.testng.internal.MethodInvocationHelper.invokeMethod(MethodInvocationHelper.java:124)
at org.testng.internal.Invoker.invokeMethod(Invoker.java:583)
at org.testng.internal.Invoker.invokeTestMethod(Invoker.java:719)
at org.testng.internal.Invoker.invokeTestMethods(Invoker.java:989)
at org.testng.internal.TestMethodWorker.invokeTestMethods(TestMethodWorker.java:125)
at org.testng.internal.TestMethodWorker.run(TestMethodWorker.java:109)
at org.testng.TestRunner.privateRun(TestRunner.java:648)
at org.testng.TestRunner.run(TestRunner.java:505)
at org.testng.SuiteRunner.runTest(SuiteRunner.java:455)
at org.testng.SuiteRunner.runSequentially(SuiteRunner.java:450)
at org.testng.SuiteRunner.privateRun(SuiteRunner.java:415)
at org.testng.SuiteRunner.run(SuiteRunner.java:364)
at org.testng.SuiteRunnerWorker.runSuite(SuiteRunnerWorker.java:52)
at org.testng.SuiteRunnerWorker.run(SuiteRunnerWorker.java:84)
at org.testng.TestNG.runSuitesSequentially(TestNG.java:1208)
at org.testng.TestNG.runSuitesLocally(TestNG.java:1137)
at org.testng.TestNG.runSuites(TestNG.java:1049)
at org.testng.TestNG.run(TestNG.java:1017)
at org.testng.remote.AbstractRemoteTestNG.run(AbstractRemoteTestNG.java:115)
at org.testng.remote.RemoteTestNG.initAndRun(RemoteTestNG.java:251)
at org.testng.remote.RemoteTestNG.main(RemoteTestNG.java:77)
Caused by: java.lang.ClassNotFoundException: ConfigReader
at java.base/jdk.internal.loader.BuiltinClassLoader.loadClass(BuiltinClassLoader.java:636)
at java.base/jdk.internal.loader.ClassLoaders$AppClassLoader.loadClass(ClassLoaders.java:182)
at java.base/java.lang.ClassLoader.loadClass(ClassLoader.java:519)
... 44 more
]]>
    </error>
  </testcase> <!-- runScenario -->
</testsuite> <!-- com.poferries.freight.AutomationFramework.web.runner.RunCukes -->
