<?xml version="1.0" encoding="UTF-8"?>
<!-- Generated by org.testng.reporters.JUnitReportReporter -->
<testsuite hostname="DESKTOP-1Q7B79B" failures="0" tests="2" name="com.Rest_Api.web.runner.RunTestNGTest" time="8.451" errors="0" timestamp="2023-01-31T15:46:29 IST" skipped="0">
  <testcase classname="com.Rest_Api.web.runner.RunTestNGTest" name="feature" time="7.458"/>
  <system-out/>
  <testcase classname="com.Rest_Api.web.runner.RunTestNGTest" name="feature" time="0.993"/>
  <system-out/>
</testsuite> <!-- com.Rest_Api.web.runner.RunTestNGTest -->
