<?xml version="1.0" encoding="UTF-8"?>
<!-- Generated by org.testng.reporters.JUnitReportReporter -->
<testsuite hostname="DESKTOP-KDRQDOD" failures="0" tests="2" name="com.FaceFirst.web.runner.RunTestNGTest" time="10.741" errors="0" timestamp="2023-01-23T16:08:20 IST" skipped="0">
  <testcase classname="com.FaceFirst.web.runner.RunTestNGTest" name="feature" time="0.865"/>
  <system-out/>
  <testcase classname="com.FaceFirst.web.runner.RunTestNGTest" name="feature" time="9.876"/>
  <system-out/>
</testsuite> <!-- com.FaceFirst.web.runner.RunTestNGTest -->
