<?xml version="1.0" encoding="UTF-8"?>
<!-- Generated by org.testng.reporters.JUnitReportReporter -->
<testsuite hostname="DESKTOP-KDRQDOD" failures="0" tests="1" name="com.poferries.tourist.web.runner.RunTestNGTest" time="6.277" errors="0" timestamp="2023-01-05T22:16:52 IST" skipped="0">
  <testcase classname="com.poferries.tourist.web.runner.RunTestNGTest" name="feature" time="6.277"/>
  <system-out/>
</testsuite> <!-- com.poferries.tourist.web.runner.RunTestNGTest -->
